  Animation.cpp
  Billboard.cpp
  Bone.cpp
  Camera.cpp
  Colour.cpp
  Component.cpp
  Cube.cpp
  DiagMessageTask.cpp
  DrawTask.cpp
  Font.cpp
  FontCache.cpp
  GameObject.cpp
  GLRenderer.cpp
  GLShader.cpp
  GLTestApplication.cpp
  GLTestRenderer.cpp
  Input.cpp
  KeyboardController.cpp
  Light.cpp
  Logger.cpp
  Generating Code...
  Compiling...
  LookAtBehaviour.cpp
  Main.cpp
  Material.cpp
  Math.cpp
  Matrix3x3.cpp
  Matrix4x4.cpp
  Mesh.cpp
  Music.cpp
  ParticleBehaviour.cpp
  ParticleEmitter.cpp
  ParticleGravity.cpp
  PerfLogTask.cpp
  Plane.cpp
  PlaneMesh.cpp
  Quaternion.cpp
  Renderer.cpp
  RotateBehaviour.cpp
  Shader.cpp
  ShaderTest.cpp
  Sound.cpp
  Generating Code...
  Compiling...
  SoundManager.cpp
  SoundTestTask.cpp
  Sphere.cpp
  Sweep.cpp
  SweepPath.cpp
  T3DApplication.cpp
  T3DTest.cpp
  Task.cpp
  Terrain.cpp
  TerrainFollower.cpp
  Texture.cpp
  Transform.cpp
  Tutorial1.cpp
  WinGLApplication.cpp
  Generating Code...
  T3D.vcxproj -> C:\Users\dev\t3d-graphics-engine-master\T3D\Debug\T3D.exe
  C:\Users\dev\t3d-graphics-engine-master\T3D\lib\fmodex.dll
  C:\Users\dev\t3d-graphics-engine-master\T3D\lib\fmodex64.dll
  C:\Users\dev\t3d-graphics-engine-master\T3D\lib\glew32.dll
  C:\Users\dev\t3d-graphics-engine-master\T3D\lib\glew32mx.dll
  C:\Users\dev\t3d-graphics-engine-master\T3D\lib\libFLAC-8.dll
  C:\Users\dev\t3d-graphics-engine-master\T3D\lib\libfreetype-6.dll
  C:\Users\dev\t3d-graphics-engine-master\T3D\lib\libjpeg-8.dll
  C:\Users\dev\t3d-graphics-engine-master\T3D\lib\libmikmod-2.dll
  C:\Users\dev\t3d-graphics-engine-master\T3D\lib\libogg-0.dll
  C:\Users\dev\t3d-graphics-engine-master\T3D\lib\libpng15-15.dll
  C:\Users\dev\t3d-graphics-engine-master\T3D\lib\libtiff-5.dll
  C:\Users\dev\t3d-graphics-engine-master\T3D\lib\libvorbis-0.dll
  C:\Users\dev\t3d-graphics-engine-master\T3D\lib\libvorbisfile-3.dll
  C:\Users\dev\t3d-graphics-engine-master\T3D\lib\libwebp-2.dll
  C:\Users\dev\t3d-graphics-engine-master\T3D\lib\SDL.dll
  C:\Users\dev\t3d-graphics-engine-master\T3D\lib\SDL_image.dll
  C:\Users\dev\t3d-graphics-engine-master\T3D\lib\SDL_mixer.dll
  C:\Users\dev\t3d-graphics-engine-master\T3D\lib\SDL_ttf.dll
  C:\Users\dev\t3d-graphics-engine-master\T3D\lib\smpeg.dll
  C:\Users\dev\t3d-graphics-engine-master\T3D\lib\zlib1.dll
  20 File(s) copied
